# JRE version: OpenJDK Runtime Environment (8.0_242-b01) (build 1.8.0_242-release-1644-b01)
# Java VM: OpenJDK 64-Bit Server VM (25.242-b01 mixed mode windows-amd64 compressed oops)
Heap:
 PSYoungGen      total 414720K, used 76376K [0x00000000e0000000, 0x00000000fec80000, 0x0000000100000000)
  eden space 409088K, 17% used [0x00000000e0000000,0x00000000e4589848,0x00000000f8f80000)
  from space 5632K, 91% used [0x00000000f9f80000,0x00000000fa48ca88,0x00000000fa500000)
  to   space 47616K, 0% used [0x00000000fbe00000,0x00000000fbe00000,0x00000000fec80000)
 ParOldGen       total 254464K, used 54698K [0x00000000a0000000, 0x00000000af880000, 0x00000000e0000000)
  object space 254464K, 21% used [0x00000000a0000000,0x00000000a356aa70,0x00000000af880000)
 Metaspace       used 117598K, capacity 124174K, committed 124416K, reserved 1157120K
  class space    used 14641K, capacity 15926K, committed 16128K, reserved 1048576K
GC Heap History (10 events):
Event: 6182.465 GC heap before
{Heap before GC invocations=52 (full 6):
 PSYoungGen      total 469504K, used 426505K [0x00000000e0000000, 0x0000000100000000, 0x0000000100000000)
  eden space 418816K, 100% used [0x00000000e0000000,0x00000000f9900000,0x00000000f9900000)
  from space 50688K, 15% used [0x00000000f9900000,0x00000000fa0825a8,0x00000000fca80000)
  to   space 49664K, 0% used [0x00000000fcf80000,0x00000000fcf80000,0x0000000100000000)
 ParOldGen       total 254464K, used 84597K [0x00000000a0000000, 0x00000000af880000, 0x00000000e0000000)
  object space 254464K, 33% used [0x00000000a0000000,0x00000000a529d798,0x00000000af880000)
 Metaspace       used 116151K, capacity 122136K, committed 122368K, reserved 1155072K
  class space    used 14543K, capacity 15812K, committed 15872K, reserved 1048576K
Event: 6182.498 GC heap after
Heap after GC invocations=52 (full 6):
 PSYoungGen      total 471552K, used 1952K [0x00000000e0000000, 0x00000000ffe00000, 0x0000000100000000)
  eden space 423936K, 0% used [0x00000000e0000000,0x00000000e0000000,0x00000000f9e00000)
  from space 47616K, 4% used [0x00000000fcf80000,0x00000000fd168000,0x00000000ffe00000)
  to   space 49152K, 0% used [0x00000000f9e00000,0x00000000f9e00000,0x00000000fce00000)
 ParOldGen       total 254464K, used 87635K [0x00000000a0000000, 0x00000000af880000, 0x00000000e0000000)
  object space 254464K, 34% used [0x00000000a0000000,0x00000000a5594cf8,0x00000000af880000)
 Metaspace       used 116151K, capacity 122136K, committed 122368K, reserved 1155072K
  class space    used 14543K, capacity 15812K, committed 15872K, reserved 1048576K
}
Event: 6571.316 GC heap before
{Heap before GC invocations=53 (full 6):
 PSYoungGen      total 471552K, used 423336K [0x00000000e0000000, 0x00000000ffe00000, 0x0000000100000000)
  eden space 423936K, 99% used [0x00000000e0000000,0x00000000f9b820a8,0x00000000f9e00000)
  from space 47616K, 4% used [0x00000000fcf80000,0x00000000fd168000,0x00000000ffe00000)
  to   space 49152K, 0% used [0x00000000f9e00000,0x00000000f9e00000,0x00000000fce00000)
 ParOldGen       total 254464K, used 87635K [0x00000000a0000000, 0x00000000af880000, 0x00000000e0000000)
  object space 254464K, 34% used [0x00000000a0000000,0x00000000a5594cf8,0x00000000af880000)
 Metaspace       used 117205K, capacity 123866K, committed 124160K, reserved 1157120K
  class space    used 14660K, capacity 16021K, committed 16128K, reserved 1048576K
Event: 6571.416 GC heap after
Heap after GC invocations=53 (full 6):
 PSYoungGen      total 473088K, used 26005K [0x00000000e0000000, 0x0000000100000000, 0x0000000100000000)
  eden space 423936K, 0% used [0x00000000e0000000,0x00000000e0000000,0x00000000f9e00000)
  from space 49152K, 52% used [0x00000000f9e00000,0x00000000fb7654b0,0x00000000fce00000)
  to   space 49664K, 0% used [0x00000000fcf80000,0x00000000fcf80000,0x0000000100000000)
 ParOldGen       total 254464K, used 87887K [0x00000000a0000000, 0x00000000af880000, 0x00000000e0000000)
  object space 254464K, 34% used [0x00000000a0000000,0x00000000a55d3d28,0x00000000af880000)
 Metaspace       used 117205K, capacity 123866K, committed 124160K, reserved 1157120K
  class space    used 14660K, capacity 16021K, committed 16128K, reserved 1048576K
}
Event: 7383.823 GC heap before
{Heap before GC invocations=54 (full 6):
 PSYoungGen      total 473088K, used 152446K [0x00000000e0000000, 0x0000000100000000, 0x0000000100000000)
  eden space 423936K, 29% used [0x00000000e0000000,0x00000000e7b7a6d8,0x00000000f9e00000)
  from space 49152K, 52% used [0x00000000f9e00000,0x00000000fb7654b0,0x00000000fce00000)
  to   space 49664K, 0% used [0x00000000fcf80000,0x00000000fcf80000,0x0000000100000000)
 ParOldGen       total 254464K, used 87887K [0x00000000a0000000, 0x00000000af880000, 0x00000000e0000000)
  object space 254464K, 34% used [0x00000000a0000000,0x00000000a55d3d28,0x00000000af880000)
 Metaspace       used 117249K, capacity 123924K, committed 124160K, reserved 1157120K
  class space    used 14665K, capacity 16030K, committed 16128K, reserved 1048576K
Event: 7383.831 GC heap after
Heap after GC invocations=54 (full 6):
 PSYoungGen      total 475136K, used 722K [0x00000000e0000000, 0x0000000100000000, 0x0000000100000000)
  eden space 425472K, 0% used [0x00000000e0000000,0x00000000e0000000,0x00000000f9f80000)
  from space 49664K, 1% used [0x00000000fcf80000,0x00000000fd034a88,0x0000000100000000)
  to   space 49152K, 0% used [0x00000000f9f80000,0x00000000f9f80000,0x00000000fcf80000)
 ParOldGen       total 254464K, used 87895K [0x00000000a0000000, 0x00000000af880000, 0x00000000e0000000)
  object space 254464K, 34% used [0x00000000a0000000,0x00000000a55d5d28,0x00000000af880000)
 Metaspace       used 117249K, capacity 123924K, committed 124160K, reserved 1157120K
  class space    used 14665K, capacity 16030K, committed 16128K, reserved 1048576K
}
Event: 7383.831 GC heap before
{Heap before GC invocations=55 (full 7):
 PSYoungGen      total 475136K, used 722K [0x00000000e0000000, 0x0000000100000000, 0x0000000100000000)
  eden space 425472K, 0% used [0x00000000e0000000,0x00000000e0000000,0x00000000f9f80000)
  from space 49664K, 1% used [0x00000000fcf80000,0x00000000fd034a88,0x0000000100000000)
  to   space 49152K, 0% used [0x00000000f9f80000,0x00000000f9f80000,0x00000000fcf80000)
 ParOldGen       total 254464K, used 87895K [0x00000000a0000000, 0x00000000af880000, 0x00000000e0000000)
  object space 254464K, 34% used [0x00000000a0000000,0x00000000a55d5d28,0x00000000af880000)
 Metaspace       used 117249K, capacity 123924K, committed 124160K, reserved 1157120K
  class space    used 14665K, capacity 16030K, committed 16128K, reserved 1048576K
Event: 7384.704 GC heap after
Heap after GC invocations=55 (full 7):
 PSYoungGen      total 475136K, used 0K [0x00000000e0000000, 0x0000000100000000, 0x0000000100000000)
  eden space 425472K, 0% used [0x00000000e0000000,0x00000000e0000000,0x00000000f9f80000)
  from space 49664K, 0% used [0x00000000fcf80000,0x00000000fcf80000,0x0000000100000000)
  to   space 49152K, 0% used [0x00000000f9f80000,0x00000000f9f80000,0x00000000fcf80000)
 ParOldGen       total 254464K, used 54698K [0x00000000a0000000, 0x00000000af880000, 0x00000000e0000000)
  object space 254464K, 21% used [0x00000000a0000000,0x00000000a356aa70,0x00000000af880000)
 Metaspace       used 116701K, capacity 122804K, committed 124160K, reserved 1157120K
  class space    used 14559K, capacity 15773K, committed 16128K, reserved 1048576K
}
Event: 10128.179 GC heap before
{Heap before GC invocations=56 (full 7):
 PSYoungGen      total 475136K, used 425472K [0x00000000e0000000, 0x0000000100000000, 0x0000000100000000)
  eden space 425472K, 100% used [0x00000000e0000000,0x00000000f9f80000,0x00000000f9f80000)
  from space 49664K, 0% used [0x00000000fcf80000,0x00000000fcf80000,0x0000000100000000)
  to   space 49152K, 0% used [0x00000000f9f80000,0x00000000f9f80000,0x00000000fcf80000)
 ParOldGen       total 254464K, used 54698K [0x00000000a0000000, 0x00000000af880000, 0x00000000e0000000)
  object space 254464K, 21% used [0x00000000a0000000,0x00000000a356aa70,0x00000000af880000)
 Metaspace       used 117546K, capacity 124086K, committed 124416K, reserved 1157120K
  class space    used 14638K, capacity 15922K, committed 16128K, reserved 1048576K
Event: 10128.295 GC heap after
Heap after GC invocations=56 (full 7):
 PSYoungGen      total 414720K, used 5170K [0x00000000e0000000, 0x00000000fec80000, 0x0000000100000000)
  eden space 409088K, 0% used [0x00000000e0000000,0x00000000e0000000,0x00000000f8f80000)
  from space 5632K, 91% used [0x00000000f9f80000,0x00000000fa48ca88,0x00000000fa500000)
  to   space 47616K, 0% used [0x00000000fbe00000,0x00000000fbe00000,0x00000000fec80000)
 ParOldGen       total 254464K, used 54698K [0x00000000a0000000, 0x00000000af880000, 0x00000000e0000000)
  object space 254464K, 21% used [0x00000000a0000000,0x00000000a356aa70,0x00000000af880000)
 Metaspace       used 117546K, capacity 124086K, committed 124416K, reserved 1157120K
  class space    used 14638K, capacity 15922K, committed 16128K, reserved 1048576K
}

